<?xml version="1.0" encoding="UTF-8"?>
<!-- Generated by org.testng.reporters.JUnitReportReporter -->
<testsuite hostname="CHQS-7ZV5CY3" failures="0" tests="1" name="testCases.TC001_AccountRegistrationTest" time="6.293" errors="0" timestamp="2025-02-10T10:47:17 EST" skipped="0">
  <testcase classname="testCases.TC001_AccountRegistrationTest" name="Home_AccountRegistration" time="6.293"/>
</testsuite> <!-- testCases.TC001_AccountRegistrationTest -->
