<?xml version="1.0" encoding="UTF-8"?>
<!-- Generated by org.testng.reporters.JUnitReportReporter -->
<testsuite hostname="CHQS-7ZV5CY3" failures="0" tests="1" name="testCases.TC002_LoginPageTest" time="10.605" errors="0" timestamp="2025-02-07T00:20:21 EST" skipped="0">
  <testcase classname="testCases.TC002_LoginPageTest" name="verify_login" time="10.605"/>
</testsuite> <!-- testCases.TC002_LoginPageTest -->
