<?xml version="1.0" encoding="UTF-8"?>
<!-- Generated by org.testng.reporters.JUnitReportReporter -->
<testsuite hostname="CHQS-7ZV5CY3" failures="0" tests="7" name="testCases.TC003_DDTest" time="97.485" errors="0" timestamp="2025-02-07T00:20:21 EST" skipped="0">
  <testcase classname="testCases.TC003_DDTest" name="verify_loginDDT" time="5.990"/>
  <testcase classname="testCases.TC003_DDTest" name="verify_loginDDT" time="6.122"/>
  <testcase classname="testCases.TC003_DDTest" name="verify_loginDDT" time="5.886"/>
  <testcase classname="testCases.TC003_DDTest" name="verify_loginDDT" time="33.962"/>
  <testcase classname="testCases.TC003_DDTest" name="verify_loginDDT" time="33.830"/>
  <testcase classname="testCases.TC003_DDTest" name="verify_loginDDT" time="5.792"/>
  <testcase classname="testCases.TC003_DDTest" name="verify_loginDDT" time="5.903"/>
</testsuite> <!-- testCases.TC003_DDTest -->
