<?xml version="1.0" encoding="UTF-8"?>
<!-- Generated by org.testng.reporters.JUnitReportReporter -->
<testsuite hostname="CHQS-7ZV5CY3" failures="0" tests="7" name="testCases.TC003_DDTest" time="151.966" errors="0" timestamp="2025-02-10T10:47:17 EST" skipped="0">
  <testcase classname="testCases.TC003_DDTest" name="verify_loginDDT" time="12.674"/>
  <testcase classname="testCases.TC003_DDTest" name="verify_loginDDT" time="9.859"/>
  <testcase classname="testCases.TC003_DDTest" name="verify_loginDDT" time="26.717"/>
  <testcase classname="testCases.TC003_DDTest" name="verify_loginDDT" time="20.952"/>
  <testcase classname="testCases.TC003_DDTest" name="verify_loginDDT" time="34.550"/>
  <testcase classname="testCases.TC003_DDTest" name="verify_loginDDT" time="38.317"/>
  <testcase classname="testCases.TC003_DDTest" name="verify_loginDDT" time="8.897"/>
</testsuite> <!-- testCases.TC003_DDTest -->
