<?xml version="1.0" encoding="UTF-8"?>
<!-- Generated by org.testng.reporters.JUnitReportReporter -->
<testsuite hostname="CHQS-7ZV5CY3" failures="0" tests="7" name="testCases.TC003_DDTest" time="95.184" errors="0" timestamp="2025-02-07T00:36:39 EST" skipped="0">
  <testcase classname="testCases.TC003_DDTest" name="verify_loginDDT" time="5.792"/>
  <testcase classname="testCases.TC003_DDTest" name="verify_loginDDT" time="5.201"/>
  <testcase classname="testCases.TC003_DDTest" name="verify_loginDDT" time="33.847"/>
  <testcase classname="testCases.TC003_DDTest" name="verify_loginDDT" time="5.880"/>
  <testcase classname="testCases.TC003_DDTest" name="verify_loginDDT" time="5.573"/>
  <testcase classname="testCases.TC003_DDTest" name="verify_loginDDT" time="33.807"/>
  <testcase classname="testCases.TC003_DDTest" name="verify_loginDDT" time="5.084"/>
</testsuite> <!-- testCases.TC003_DDTest -->
